<?xml version="1.0" encoding="utf-8"?>
<LinearLayout xmlns:android="http://schemas.android.com/apk/res/android"
    android:layout_width="match_parent"
    android:layout_height="match_parent"
    android:orientation="vertical">
    <RelativeLayout
        android:layout_width="match_parent"
        android:layout_weight="7"
        android:layout_height="0dp">
        <TextView
            android:layout_width="wrap_content"
            android:layout_height="wrap_content"
            android:text="Results"
            android:layout_alignParentTop="true"
            android:layout_alignParentLeft="true"
            android:textSize="75sp"/>

        <TextView
            android:id="@+id/score"
            android:layout_width="wrap_content"
            android:layout_height="wrap_content"
            android:layout_alignParentRight="true"
            android:layout_alignParentBottom="true"
            android:textSize="120sp"/>
    </RelativeLayout>
    <Button
        android:id="@+id/exit"
        android:layout_width="match_parent"
        android:layout_height="0dp"
        android:layout_weight="2"
        android:text="Exit"/>
</LinearLayout>
